<?xml version="1.0" encoding="UTF-8"?>
<testng-results ignored="0" total="10" passed="10" failed="0" skipped="0">
  <reporter-output>
  </reporter-output>
  <suite started-at="2024-05-09T10:12:59 IST" name="Suite" finished-at="2024-05-09T10:15:27 IST" duration-ms="148039">
    <groups>
      <group name="regression">
        <method signature="TestCases.goToUpcomingBikes()[pri:1, instance:testClass.TestCases@19932c16]" name="goToUpcomingBikes" class="testClass.TestCases"/>
        <method signature="TestCases.selectHonda(java.lang.String)[pri:2, instance:testClass.TestCases@19932c16]" name="selectHonda" class="testClass.TestCases"/>
        <method signature="TestCases.showBikes()[pri:3, instance:testClass.TestCases@19932c16]" name="showBikes" class="testClass.TestCases"/>
        <method signature="TestCases.fetchBikeDetails()[pri:4, instance:testClass.TestCases@19932c16]" name="fetchBikeDetails" class="testClass.TestCases"/>
        <method signature="TestCases.moveToUsedCars()[pri:5, instance:testClass.TestCases@19932c16]" name="moveToUsedCars" class="testClass.TestCases"/>
        <method signature="TestCases.findTopCars()[pri:6, instance:testClass.TestCases@19932c16]" name="findTopCars" class="testClass.TestCases"/>
        <method signature="TestCases.fetchTopCars()[pri:7, instance:testClass.TestCases@19932c16]" name="fetchTopCars" class="testClass.TestCases"/>
        <method signature="TestCases.backToHomePage()[pri:8, instance:testClass.TestCases@19932c16]" name="backToHomePage" class="testClass.TestCases"/>
        <method signature="TestCases.logIn()[pri:9, instance:testClass.TestCases@19932c16]" name="logIn" class="testClass.TestCases"/>
        <method signature="TestCases.invalidLogIn(java.lang.String)[pri:10, instance:testClass.TestCases@19932c16]" name="invalidLogIn" class="testClass.TestCases"/>
      </group> <!-- regression -->
      <group name="smoke">
        <method signature="TestCases.goToUpcomingBikes()[pri:1, instance:testClass.TestCases@19932c16]" name="goToUpcomingBikes" class="testClass.TestCases"/>
        <method signature="TestCases.logIn()[pri:9, instance:testClass.TestCases@19932c16]" name="logIn" class="testClass.TestCases"/>
        <method signature="TestCases.invalidLogIn(java.lang.String)[pri:10, instance:testClass.TestCases@19932c16]" name="invalidLogIn" class="testClass.TestCases"/>
      </group> <!-- smoke -->
    </groups>
    <test started-at="2024-05-09T10:12:59 IST" name="ChromeTest" finished-at="2024-05-09T10:15:27 IST" duration-ms="148039">
      <class name="testClass.TestCases">
        <test-method is-config="true" signature="setUpBrowser(java.lang.String)[pri:0, instance:testClass.TestCases@19932c16]" started-at="2024-05-09T10:13:01 IST" name="setUpBrowser" finished-at="2024-05-09T10:13:51 IST" duration-ms="50120" status="PASS">
          <params>
            <param index="0">
              <value>
                <![CDATA[Chrome]]>
              </value>
            </param>
          </params>
          <reporter-output>
          </reporter-output>
        </test-method> <!-- setUpBrowser -->
        <test-method signature="goToUpcomingBikes()[pri:1, instance:testClass.TestCases@19932c16]" started-at="2024-05-09T10:13:51 IST" name="goToUpcomingBikes" finished-at="2024-05-09T10:14:04 IST" duration-ms="13061" status="PASS">
          <reporter-output>
          </reporter-output>
        </test-method> <!-- goToUpcomingBikes -->
        <test-method signature="selectHonda(java.lang.String)[pri:2, instance:testClass.TestCases@19932c16]" started-at="2024-05-09T10:14:04 IST" name="selectHonda" finished-at="2024-05-09T10:14:11 IST" duration-ms="6698" status="PASS">
          <params>
            <param index="0">
              <value>
                <![CDATA[Honda]]>
              </value>
            </param>
          </params>
          <reporter-output>
          </reporter-output>
        </test-method> <!-- selectHonda -->
        <test-method signature="showBikes()[pri:3, instance:testClass.TestCases@19932c16]" started-at="2024-05-09T10:14:11 IST" name="showBikes" finished-at="2024-05-09T10:14:20 IST" duration-ms="8535" status="PASS">
          <reporter-output>
          </reporter-output>
        </test-method> <!-- showBikes -->
        <test-method signature="fetchBikeDetails()[pri:4, instance:testClass.TestCases@19932c16]" started-at="2024-05-09T10:14:20 IST" name="fetchBikeDetails" finished-at="2024-05-09T10:14:31 IST" duration-ms="11123" status="PASS">
          <reporter-output>
          </reporter-output>
        </test-method> <!-- fetchBikeDetails -->
        <test-method signature="moveToUsedCars()[pri:5, instance:testClass.TestCases@19932c16]" started-at="2024-05-09T10:14:31 IST" name="moveToUsedCars" finished-at="2024-05-09T10:14:48 IST" duration-ms="17661" status="PASS">
          <reporter-output>
          </reporter-output>
        </test-method> <!-- moveToUsedCars -->
        <test-method signature="findTopCars()[pri:6, instance:testClass.TestCases@19932c16]" started-at="2024-05-09T10:14:48 IST" name="findTopCars" finished-at="2024-05-09T10:14:52 IST" duration-ms="3763" status="PASS">
          <reporter-output>
          </reporter-output>
        </test-method> <!-- findTopCars -->
        <test-method signature="fetchTopCars()[pri:7, instance:testClass.TestCases@19932c16]" started-at="2024-05-09T10:14:52 IST" name="fetchTopCars" finished-at="2024-05-09T10:14:53 IST" duration-ms="616" status="PASS">
          <reporter-output>
          </reporter-output>
        </test-method> <!-- fetchTopCars -->
        <test-method signature="backToHomePage()[pri:8, instance:testClass.TestCases@19932c16]" started-at="2024-05-09T10:14:53 IST" name="backToHomePage" finished-at="2024-05-09T10:14:57 IST" duration-ms="4209" status="PASS">
          <reporter-output>
          </reporter-output>
        </test-method> <!-- backToHomePage -->
        <test-method signature="logIn()[pri:9, instance:testClass.TestCases@19932c16]" started-at="2024-05-09T10:14:57 IST" name="logIn" finished-at="2024-05-09T10:15:05 IST" duration-ms="8074" status="PASS">
          <reporter-output>
          </reporter-output>
        </test-method> <!-- logIn -->
        <test-method signature="invalidLogIn(java.lang.String)[pri:10, instance:testClass.TestCases@19932c16]" started-at="2024-05-09T10:15:05 IST" name="invalidLogIn" finished-at="2024-05-09T10:15:18 IST" duration-ms="12721" status="PASS">
          <params>
            <param index="0">
              <value>
                <![CDATA[abcdefgh@yahoo]]>
              </value>
            </param>
          </params>
          <reporter-output>
          </reporter-output>
        </test-method> <!-- invalidLogIn -->
        <test-method is-config="true" signature="tearDown()[pri:0, instance:testClass.TestCases@19932c16]" started-at="2024-05-09T10:15:18 IST" name="tearDown" finished-at="2024-05-09T10:15:27 IST" duration-ms="9681" status="PASS">
          <reporter-output>
          </reporter-output>
        </test-method> <!-- tearDown -->
      </class> <!-- testClass.TestCases -->
    </test> <!-- ChromeTest -->
  </suite> <!-- Suite -->
</testng-results>
