<?xml version="1.0" encoding="UTF-8"?>
<testng-results ignored="0" total="10" passed="9" failed="1" skipped="0">
  <reporter-output>
  </reporter-output>
  <suite started-at="2024-05-07T15:37:21 IST" name="Suite" finished-at="2024-05-07T15:39:42 IST" duration-ms="140579">
    <groups>
      <group name="regression">
        <method signature="TestCases.goToUpcomingBikes()[pri:1, instance:testClass.TestCases@19932c16]" name="goToUpcomingBikes" class="testClass.TestCases"/>
        <method signature="TestCases.selectHonda(java.lang.String)[pri:2, instance:testClass.TestCases@19932c16]" name="selectHonda" class="testClass.TestCases"/>
        <method signature="TestCases.showBikes()[pri:3, instance:testClass.TestCases@19932c16]" name="showBikes" class="testClass.TestCases"/>
        <method signature="TestCases.fetchBikeDetails()[pri:4, instance:testClass.TestCases@19932c16]" name="fetchBikeDetails" class="testClass.TestCases"/>
        <method signature="TestCases.moveToUsedCars()[pri:5, instance:testClass.TestCases@19932c16]" name="moveToUsedCars" class="testClass.TestCases"/>
        <method signature="TestCases.findTopCars()[pri:6, instance:testClass.TestCases@19932c16]" name="findTopCars" class="testClass.TestCases"/>
        <method signature="TestCases.fetchTopCars()[pri:7, instance:testClass.TestCases@19932c16]" name="fetchTopCars" class="testClass.TestCases"/>
        <method signature="TestCases.backToHomePage()[pri:8, instance:testClass.TestCases@19932c16]" name="backToHomePage" class="testClass.TestCases"/>
        <method signature="TestCases.logIn()[pri:9, instance:testClass.TestCases@19932c16]" name="logIn" class="testClass.TestCases"/>
        <method signature="TestCases.invalidLogIn(java.lang.String)[pri:10, instance:testClass.TestCases@19932c16]" name="invalidLogIn" class="testClass.TestCases"/>
      </group> <!-- regression -->
      <group name="smoke">
        <method signature="TestCases.goToUpcomingBikes()[pri:1, instance:testClass.TestCases@19932c16]" name="goToUpcomingBikes" class="testClass.TestCases"/>
        <method signature="TestCases.logIn()[pri:9, instance:testClass.TestCases@19932c16]" name="logIn" class="testClass.TestCases"/>
        <method signature="TestCases.invalidLogIn(java.lang.String)[pri:10, instance:testClass.TestCases@19932c16]" name="invalidLogIn" class="testClass.TestCases"/>
      </group> <!-- smoke -->
    </groups>
    <test started-at="2024-05-07T15:37:21 IST" name="ChromeTest" finished-at="2024-05-07T15:39:42 IST" duration-ms="140579">
      <class name="testClass.TestCases">
        <test-method is-config="true" signature="setUpBrowser(java.lang.String)[pri:0, instance:testClass.TestCases@19932c16]" started-at="2024-05-07T15:37:22 IST" name="setUpBrowser" finished-at="2024-05-07T15:37:50 IST" duration-ms="27699" status="PASS">
          <params>
            <param index="0">
              <value>
                <![CDATA[Chrome]]>
              </value>
            </param>
          </params>
          <reporter-output>
          </reporter-output>
        </test-method> <!-- setUpBrowser -->
        <test-method signature="goToUpcomingBikes()[pri:1, instance:testClass.TestCases@19932c16]" started-at="2024-05-07T15:37:50 IST" name="goToUpcomingBikes" finished-at="2024-05-07T15:38:00 IST" duration-ms="10590" status="PASS">
          <reporter-output>
          </reporter-output>
        </test-method> <!-- goToUpcomingBikes -->
        <test-method signature="selectHonda(java.lang.String)[pri:2, instance:testClass.TestCases@19932c16]" started-at="2024-05-07T15:38:01 IST" name="selectHonda" finished-at="2024-05-07T15:38:10 IST" duration-ms="9188" status="PASS">
          <params>
            <param index="0">
              <value>
                <![CDATA[Honda]]>
              </value>
            </param>
          </params>
          <reporter-output>
          </reporter-output>
        </test-method> <!-- selectHonda -->
        <test-method signature="showBikes()[pri:3, instance:testClass.TestCases@19932c16]" started-at="2024-05-07T15:38:10 IST" name="showBikes" finished-at="2024-05-07T15:38:14 IST" duration-ms="4523" status="PASS">
          <reporter-output>
          </reporter-output>
        </test-method> <!-- showBikes -->
        <test-method signature="fetchBikeDetails()[pri:4, instance:testClass.TestCases@19932c16]" started-at="2024-05-07T15:38:14 IST" name="fetchBikeDetails" finished-at="2024-05-07T15:38:22 IST" duration-ms="8099" status="PASS">
          <reporter-output>
          </reporter-output>
        </test-method> <!-- fetchBikeDetails -->
        <test-method signature="moveToUsedCars()[pri:5, instance:testClass.TestCases@19932c16]" started-at="2024-05-07T15:38:22 IST" name="moveToUsedCars" finished-at="2024-05-07T15:38:35 IST" duration-ms="12833" status="PASS">
          <reporter-output>
          </reporter-output>
        </test-method> <!-- moveToUsedCars -->
        <test-method signature="findTopCars()[pri:6, instance:testClass.TestCases@19932c16]" started-at="2024-05-07T15:38:35 IST" name="findTopCars" finished-at="2024-05-07T15:38:45 IST" duration-ms="10063" status="FAIL">
          <exception class="org.openqa.selenium.NoSuchElementException">
            <message>
              <![CDATA[no such element: Unable to locate element: {"method":"xpath","selector":"//*[@id="seoMore"]/span"}
  (Session info: chrome=121.0.6167.86)
For documentation on this error, please visit: https://www.selenium.dev/documentation/webdriver/troubleshooting/errors#no-such-element-exception
Build info: version: '4.19.1', revision: 'abe0ee07dc'
System info: os.name: 'Windows 11', os.arch: 'amd64', os.version: '10.0', java.version: '17.0.10'
Driver info: org.openqa.selenium.chrome.ChromeDriver
Command: [a197eb76335d4c44886b7b1cc503ae3e, findElement {using=xpath, value=//*[@id="seoMore"]/span}]
Capabilities {acceptInsecureCerts: false, browserName: chrome, browserVersion: 121.0.6167.86, chrome: {chromedriverVersion: 121.0.6167.184 (057a8ae7deb..., userDataDir: C:\WINDOWS\SystemTemp\scope...}, fedcm:accounts: true, goog:chromeOptions: {debuggerAddress: localhost:50832}, networkConnectionEnabled: false, pageLoadStrategy: normal, platformName: windows, proxy: Proxy(), se:cdp: ws://localhost:50832/devtoo..., se:cdpVersion: 121.0.6167.86, setWindowRect: true, strictFileInteractability: false, timeouts: {implicit: 0, pageLoad: 300000, script: 30000}, unhandledPromptBehavior: dismiss and notify, webauthn:extension:credBlob: true, webauthn:extension:largeBlob: true, webauthn:extension:minPinLength: true, webauthn:extension:prf: true, webauthn:virtualAuthenticators: true}
Session ID: a197eb76335d4c44886b7b1cc503ae3e]]>
            </message>
            <full-stacktrace>
              <![CDATA[org.openqa.selenium.NoSuchElementException: no such element: Unable to locate element: {"method":"xpath","selector":"//*[@id="seoMore"]/span"}
  (Session info: chrome=121.0.6167.86)
For documentation on this error, please visit: https://www.selenium.dev/documentation/webdriver/troubleshooting/errors#no-such-element-exception
Build info: version: '4.19.1', revision: 'abe0ee07dc'
System info: os.name: 'Windows 11', os.arch: 'amd64', os.version: '10.0', java.version: '17.0.10'
Driver info: org.openqa.selenium.chrome.ChromeDriver
Command: [a197eb76335d4c44886b7b1cc503ae3e, findElement {using=xpath, value=//*[@id="seoMore"]/span}]
Capabilities {acceptInsecureCerts: false, browserName: chrome, browserVersion: 121.0.6167.86, chrome: {chromedriverVersion: 121.0.6167.184 (057a8ae7deb..., userDataDir: C:\WINDOWS\SystemTemp\scope...}, fedcm:accounts: true, goog:chromeOptions: {debuggerAddress: localhost:50832}, networkConnectionEnabled: false, pageLoadStrategy: normal, platformName: windows, proxy: Proxy(), se:cdp: ws://localhost:50832/devtoo..., se:cdpVersion: 121.0.6167.86, setWindowRect: true, strictFileInteractability: false, timeouts: {implicit: 0, pageLoad: 300000, script: 30000}, unhandledPromptBehavior: dismiss and notify, webauthn:extension:credBlob: true, webauthn:extension:largeBlob: true, webauthn:extension:minPinLength: true, webauthn:extension:prf: true, webauthn:virtualAuthenticators: true}
Session ID: a197eb76335d4c44886b7b1cc503ae3e
at java.base/jdk.internal.reflect.NativeConstructorAccessorImpl.newInstance0(Native Method)
at java.base/jdk.internal.reflect.NativeConstructorAccessorImpl.newInstance(NativeConstructorAccessorImpl.java:77)
at java.base/jdk.internal.reflect.DelegatingConstructorAccessorImpl.newInstance(DelegatingConstructorAccessorImpl.java:45)
at java.base/java.lang.reflect.Constructor.newInstanceWithCaller(Constructor.java:499)
at java.base/java.lang.reflect.Constructor.newInstance(Constructor.java:480)
at org.openqa.selenium.remote.ErrorCodec.decode(ErrorCodec.java:167)
at org.openqa.selenium.remote.codec.w3c.W3CHttpResponseCodec.decode(W3CHttpResponseCodec.java:138)
at org.openqa.selenium.remote.codec.w3c.W3CHttpResponseCodec.decode(W3CHttpResponseCodec.java:50)
at org.openqa.selenium.remote.HttpCommandExecutor.execute(HttpCommandExecutor.java:190)
at org.openqa.selenium.remote.service.DriverCommandExecutor.invokeExecute(DriverCommandExecutor.java:216)
at org.openqa.selenium.remote.service.DriverCommandExecutor.execute(DriverCommandExecutor.java:174)
at org.openqa.selenium.remote.RemoteWebDriver.execute(RemoteWebDriver.java:518)
at org.openqa.selenium.remote.ElementLocation$ElementFinder$2.findElement(ElementLocation.java:165)
at org.openqa.selenium.remote.ElementLocation.findElement(ElementLocation.java:59)
at org.openqa.selenium.remote.RemoteWebDriver.findElement(RemoteWebDriver.java:355)
at org.openqa.selenium.remote.RemoteWebDriver.findElement(RemoteWebDriver.java:349)
at org.openqa.selenium.support.pagefactory.DefaultElementLocator.findElement(DefaultElementLocator.java:68)
at org.openqa.selenium.support.pagefactory.internal.LocatingElementHandler.invoke(LocatingElementHandler.java:38)
at jdk.proxy2/jdk.proxy2.$Proxy30.click(Unknown Source)
at pageObjects.UsedCars.clickOnReadMore(UsedCars.java:27)
at testClass.TestCases.findTopCars(TestCases.java:68)
at java.base/jdk.internal.reflect.NativeMethodAccessorImpl.invoke0(Native Method)
at java.base/jdk.internal.reflect.NativeMethodAccessorImpl.invoke(NativeMethodAccessorImpl.java:77)
at java.base/jdk.internal.reflect.DelegatingMethodAccessorImpl.invoke(DelegatingMethodAccessorImpl.java:43)
at java.base/java.lang.reflect.Method.invoke(Method.java:568)
at org.testng.internal.invokers.MethodInvocationHelper.invokeMethod(MethodInvocationHelper.java:141)
at org.testng.internal.invokers.TestInvoker.invokeMethod(TestInvoker.java:686)
at org.testng.internal.invokers.TestInvoker.invokeTestMethod(TestInvoker.java:230)
at org.testng.internal.invokers.MethodRunner.runInSequence(MethodRunner.java:63)
at org.testng.internal.invokers.TestInvoker$MethodInvocationAgent.invoke(TestInvoker.java:992)
at org.testng.internal.invokers.TestInvoker.invokeTestMethods(TestInvoker.java:203)
at org.testng.internal.invokers.TestMethodWorker.invokeTestMethods(TestMethodWorker.java:154)
at org.testng.internal.invokers.TestMethodWorker.run(TestMethodWorker.java:134)
at java.base/java.util.ArrayList.forEach(ArrayList.java:1511)
at org.testng.TestRunner.privateRun(TestRunner.java:739)
at org.testng.TestRunner.run(TestRunner.java:614)
at org.testng.SuiteRunner.runTest(SuiteRunner.java:421)
at org.testng.SuiteRunner.runSequentially(SuiteRunner.java:413)
at org.testng.SuiteRunner.privateRun(SuiteRunner.java:373)
at org.testng.SuiteRunner.run(SuiteRunner.java:312)
at org.testng.SuiteRunnerWorker.runSuite(SuiteRunnerWorker.java:52)
at org.testng.SuiteRunnerWorker.run(SuiteRunnerWorker.java:95)
at org.testng.TestNG.runSuitesSequentially(TestNG.java:1274)
at org.testng.TestNG.runSuitesLocally(TestNG.java:1208)
at org.testng.TestNG.runSuites(TestNG.java:1112)
at org.testng.TestNG.run(TestNG.java:1079)
at org.testng.remote.AbstractRemoteTestNG.run(AbstractRemoteTestNG.java:115)
at org.testng.remote.RemoteTestNG.initAndRun(RemoteTestNG.java:293)
at org.testng.remote.RemoteTestNG.main(RemoteTestNG.java:91)
]]>
            </full-stacktrace>
          </exception> <!-- org.openqa.selenium.NoSuchElementException -->
          <reporter-output>
          </reporter-output>
        </test-method> <!-- findTopCars -->
        <test-method signature="fetchTopCars()[pri:7, instance:testClass.TestCases@19932c16]" started-at="2024-05-07T15:38:45 IST" name="fetchTopCars" finished-at="2024-05-07T15:39:06 IST" duration-ms="20771" status="PASS">
          <reporter-output>
          </reporter-output>
        </test-method> <!-- fetchTopCars -->
        <test-method signature="backToHomePage()[pri:8, instance:testClass.TestCases@19932c16]" started-at="2024-05-07T15:39:06 IST" name="backToHomePage" finished-at="2024-05-07T15:39:12 IST" duration-ms="5411" status="PASS">
          <reporter-output>
          </reporter-output>
        </test-method> <!-- backToHomePage -->
        <test-method signature="logIn()[pri:9, instance:testClass.TestCases@19932c16]" started-at="2024-05-07T15:39:12 IST" name="logIn" finished-at="2024-05-07T15:39:22 IST" duration-ms="10413" status="PASS">
          <reporter-output>
          </reporter-output>
        </test-method> <!-- logIn -->
        <test-method signature="invalidLogIn(java.lang.String)[pri:10, instance:testClass.TestCases@19932c16]" started-at="2024-05-07T15:39:22 IST" name="invalidLogIn" finished-at="2024-05-07T15:39:35 IST" duration-ms="12635" status="PASS">
          <params>
            <param index="0">
              <value>
                <![CDATA[abcdefgh@yahoo]]>
              </value>
            </param>
          </params>
          <reporter-output>
          </reporter-output>
        </test-method> <!-- invalidLogIn -->
        <test-method is-config="true" signature="tearDown()[pri:0, instance:testClass.TestCases@19932c16]" started-at="2024-05-07T15:39:35 IST" name="tearDown" finished-at="2024-05-07T15:39:42 IST" duration-ms="6908" status="PASS">
          <reporter-output>
          </reporter-output>
        </test-method> <!-- tearDown -->
      </class> <!-- testClass.TestCases -->
    </test> <!-- ChromeTest -->
  </suite> <!-- Suite -->
</testng-results>
